<?xml version="1.0" encoding="UTF-8"?>
<!-- Generated by org.testng.reporters.JUnitXMLReporter -->
<testsuite ignored="0" hostname="CHALAMA" failures="1" tests="43" name="Test" time="1141.52" errors="0" timestamp="2021-02-25T01:35:53 IST">
  <testcase classname="com.nurture.TestCases.SignupTest" name="ValidSignupDetails" time="43.698"/>
  <testcase classname="com.nurture.TestCases.SignupTest" name="InvalidSignup" time="22.679"/>
  <testcase classname="com.nurture.TestCases.SignupTest" name="InvalidSignup" time="22.695"/>
  <testcase classname="com.nurture.TestCases.SignupTest" name="InvalidSignup" time="22.114"/>
  <testcase classname="com.nurture.TestCases.SignupTest" name="InvalidSignup" time="22.168"/>
  <testcase classname="com.nurture.TestCases.SignupTest" name="InvalidSignup" time="22.002"/>
  <testcase classname="com.nurture.TestCases.ManualLoginTest" name="LoginWithBlank" time="4.527"/>
  <testcase classname="com.nurture.TestCases.ManualLoginTest" name="LoginWithInvalidData" time="5.168"/>
  <testcase classname="com.nurture.TestCases.ManualLoginTest" name="LoginWithInvalidData" time="5.004"/>
  <testcase classname="com.nurture.TestCases.ManualLoginTest" name="LoginWithInvalidData" time="5.223"/>
  <testcase classname="com.nurture.TestCases.ManualLoginTest" name="LoginWithInvalidData" time="4.701"/>
  <testcase classname="com.nurture.TestCases.ManualLoginTest" name="LoginWithInvalidData" time="5.038"/>
  <testcase classname="com.nurture.TestCases.ManualLoginTest" name="LoginWithValidData" time="10.467"/>
  <testcase classname="com.nurture.TestCases.ManualLoginTest" name="VerifyTheLogo" time="9.006"/>
  <testcase classname="com.nurture.TestCases.BuyersDashboardTest" name="BuyerDashboard" time="10.673">
    <failure type="org.openqa.selenium.ElementClickInterceptedException" message="element click intercepted: Element &amp;lt;a class=&amp;quot;nav-link dashboard-tab&amp;quot; id=&amp;quot;buy-tab&amp;quot; data-toggle=&amp;quot;tab&amp;quot; href=&amp;quot;#buy&amp;quot; role=&amp;quot;tab&amp;quot; aria-controls=&amp;quot;buy&amp;quot; aria-selected=&amp;quot;false&amp;quot;&amp;gt;...&amp;lt;/a&amp;gt; is not clickable at point (416, 591). Other element would receive the click: &amp;lt;div class=&amp;quot;ticker-wrap&amp;quot;&amp;gt;...&amp;lt;/div&amp;gt;
  (Session info: chrome=88.0.4324.182)
Build info: version: &amp;apos;3.141.59&amp;apos;, revision: &amp;apos;e82be7d358&amp;apos;, time: &amp;apos;2018-11-14T08:17:03&amp;apos;
System info: host: &amp;apos;CHALAMA&amp;apos;, ip: &amp;apos;10.2.0.131&amp;apos;, os.name: &amp;apos;Windows 10&amp;apos;, os.arch: &amp;apos;amd64&amp;apos;, os.version: &amp;apos;10.0&amp;apos;, java.version: &amp;apos;11.0.9&amp;apos;
Driver info: org.openqa.selenium.chrome.ChromeDriver
Capabilities {acceptInsecureCerts: false, browserName: chrome, browserVersion: 88.0.4324.182, chrome: {chromedriverVersion: 88.0.4324.96 (68dba2d8a0b14..., userDataDir: C:\Users\CHALAMA\AppData\Lo...}, goog:chromeOptions: {debuggerAddress: localhost:52456}, javascriptEnabled: true, networkConnectionEnabled: false, pageLoadStrategy: normal, platform: WINDOWS, platformName: WINDOWS, proxy: Proxy(), setWindowRect: true, strictFileInteractability: false, timeouts: {implicit: 0, pageLoad: 300000, script: 30000}, unhandledPromptBehavior: dismiss and notify, webauthn:extension:largeBlob: true, webauthn:virtualAuthenticators: true}
Session ID: d36c69916caef3aef8c67d2d7f22f2c3">
      <![CDATA[org.openqa.selenium.ElementClickInterceptedException: element click intercepted: Element <a class="nav-link dashboard-tab" id="buy-tab" data-toggle="tab" href="#buy" role="tab" aria-controls="buy" aria-selected="false">...</a> is not clickable at point (416, 591). Other element would receive the click: <div class="ticker-wrap">...</div>
  (Session info: chrome=88.0.4324.182)
Build info: version: '3.141.59', revision: 'e82be7d358', time: '2018-11-14T08:17:03'
System info: host: 'CHALAMA', ip: '10.2.0.131', os.name: 'Windows 10', os.arch: 'amd64', os.version: '10.0', java.version: '11.0.9'
Driver info: org.openqa.selenium.chrome.ChromeDriver
Capabilities {acceptInsecureCerts: false, browserName: chrome, browserVersion: 88.0.4324.182, chrome: {chromedriverVersion: 88.0.4324.96 (68dba2d8a0b14..., userDataDir: C:\Users\CHALAMA\AppData\Lo...}, goog:chromeOptions: {debuggerAddress: localhost:52456}, javascriptEnabled: true, networkConnectionEnabled: false, pageLoadStrategy: normal, platform: WINDOWS, platformName: WINDOWS, proxy: Proxy(), setWindowRect: true, strictFileInteractability: false, timeouts: {implicit: 0, pageLoad: 300000, script: 30000}, unhandledPromptBehavior: dismiss and notify, webauthn:extension:largeBlob: true, webauthn:virtualAuthenticators: true}
Session ID: d36c69916caef3aef8c67d2d7f22f2c3
at org.openqa.selenium.remote.http.W3CHttpResponseCodec.createException(W3CHttpResponseCodec.java:187)
at org.openqa.selenium.remote.http.W3CHttpResponseCodec.decode(W3CHttpResponseCodec.java:122)
at org.openqa.selenium.remote.http.W3CHttpResponseCodec.decode(W3CHttpResponseCodec.java:49)
at org.openqa.selenium.remote.HttpCommandExecutor.execute(HttpCommandExecutor.java:158)
at org.openqa.selenium.remote.service.DriverCommandExecutor.execute(DriverCommandExecutor.java:83)
at org.openqa.selenium.remote.RemoteWebDriver.execute(RemoteWebDriver.java:552)
at org.openqa.selenium.remote.RemoteWebElement.execute(RemoteWebElement.java:285)
at org.openqa.selenium.remote.RemoteWebElement.click(RemoteWebElement.java:84)
at org.openqa.selenium.support.pagefactory.internal.LocatingElementHandler.invoke(LocatingElementHandler.java:51)
at com.sun.proxy.$Proxy11.click(Unknown Source)
at com.nurture.PageObjects.BuyersDashboard.Buyersdashboard(BuyersDashboard.java:43)
at com.nurture.TestCases.BuyersDashboardTest.BuyerDashboard(BuyersDashboardTest.java:14)
at java.base/java.util.ArrayList.forEach(ArrayList.java:1541)
... Removed 38 stack frames]]>
    </failure>
  </testcase> <!-- BuyerDashboard -->
  <testcase classname="com.nurture.TestCases.SellersDashboardTest" name="SellerDashboard" time="13.68"/>
  <testcase classname="com.nurture.TestCases.ListingsTest" name="List" time="26.688"/>
  <testcase classname="com.nurture.TestCases.RegistrationTest" name="LoginWithNonRegister_GeneralDetails" time="99.763"/>
  <testcase classname="com.nurture.TestCases.RegistrationTest" name="Registration_FinancialDetails" time="73.127"/>
  <testcase classname="com.nurture.TestCases.RegistrationTest" name="Registration_TermsACondtions" time="12.59"/>
  <testcase classname="com.nurture.TestCases.RegistrationTest" name="Registration_Complete" time="9.333"/>
  <testcase classname="com.nurture.TestCases.ProfileTest" name="Profile" time="21.081"/>
  <testcase classname="com.nurture.TestCases.CreateListingTest" name="LoginWithRegisterUSer" time="19.121"/>
  <testcase classname="com.nurture.TestCases.CreateListingTest" name="NavtigateCreateListing" time="9.977"/>
  <testcase classname="com.nurture.TestCases.CreateListingTest" name="CreateList" time="72.08"/>
  <testcase classname="com.nurture.TestCases.DeleteListingTest" name="LoginWithListUser" time="13.81"/>
  <testcase classname="com.nurture.TestCases.DeleteListingTest" name="DeleteList" time="27.311"/>
  <testcase classname="com.nurture.TestCases.Contract_OrdersTest" name="LoginWithBuyerUser" time="12.757"/>
  <testcase classname="com.nurture.TestCases.Contract_OrdersTest" name="ContractShare" time="40.473"/>
  <testcase classname="com.nurture.TestCases.Contract_OrdersTest" name="LoginWithSellerUser" time="10.733"/>
  <testcase classname="com.nurture.TestCases.Contract_OrdersTest" name="ApproveContract" time="24.234"/>
  <testcase classname="com.nurture.TestCases.Contract_OrdersTest" name="LoginWithBuyer" time="10.409"/>
  <testcase classname="com.nurture.TestCases.Contract_OrdersTest" name="BuyerProccedToPayment" time="42.796"/>
  <testcase classname="com.nurture.TestCases.Contract_OrdersTest" name="LoginWithSeller" time="10.351"/>
  <testcase classname="com.nurture.TestCases.Contract_OrdersTest" name="InitiatePayment" time="27.014"/>
  <testcase classname="com.nurture.TestCases.Contract_OrdersTest" name="LoginWithBuyerAccount" time="10.548"/>
  <testcase classname="com.nurture.TestCases.Contract_OrdersTest" name="DownloadBuyerInvoice" time="22.857"/>
  <testcase classname="com.nurture.TestCases.Contract_OrdersTest" name="LoginWithSellerAccount" time="10.786"/>
  <testcase classname="com.nurture.TestCases.Contract_OrdersTest" name="DownloadSellerInvoice" time="20.82"/>
  <testcase classname="com.nurture.TestCases.RejectContractTest" name="LoginWithBuyerUser" time="15.351"/>
  <testcase classname="com.nurture.TestCases.RejectContractTest" name="ContractShare" time="41.154"/>
  <testcase classname="com.nurture.TestCases.RejectContractTest" name="LoginWithSellerUser" time="19.737"/>
  <testcase classname="com.nurture.TestCases.RejectContractTest" name="RejectContract" time="22.713"/>
</testsuite> <!-- Test -->
